# JRE version: Java(TM) SE Runtime Environment (7.0_45-b18) (build 1.7.0_45-b18)
# Java VM: Java HotSpot(TM) 64-Bit Server VM (24.45-b08 mixed mode windows-amd64 compressed oops)
Heap
 PSYoungGen      total 143872K, used 16874K [0x00000000f0000000, 0x0000000100000000, 0x0000000100000000)
  eden space 130560K, 12% used [0x00000000f0000000,0x00000000f107abe8,0x00000000f7f80000)
  from space 13312K, 0% used [0x00000000f7f80000,0x00000000f7f80000,0x00000000f8c80000)
  to   space 31232K, 0% used [0x00000000fe180000,0x00000000fe180000,0x0000000100000000)
 ParOldGen       total 104960K, used 54617K [0x00000000d0000000, 0x00000000d6680000, 0x00000000f0000000)
  object space 104960K, 52% used [0x00000000d0000000,0x00000000d3556680,0x00000000d6680000)
 PSPermGen       total 49152K, used 48959K [0x00000000b8000000, 0x00000000bb000000, 0x00000000d0000000)
  object space 49152K, 99% used [0x00000000b8000000,0x00000000bafcfcd0,0x00000000bb000000)
GC Heap History (10 events):
Event: 4.488 GC heap before
{Heap before GC invocations=6 (full 0):
 PSYoungGen      total 36352K, used 36340K [0x00000000f0000000, 0x00000000f5400000, 0x0000000100000000)
  eden space 33792K, 100% used [0x00000000f0000000,0x00000000f2100000,0x00000000f2100000)
  from space 2560K, 99% used [0x00000000f2100000,0x00000000f237d070,0x00000000f2380000)
  to   space 9216K, 0% used [0x00000000f4b00000,0x00000000f4b00000,0x00000000f5400000)
 ParOldGen       total 43520K, used 13226K [0x00000000d0000000, 0x00000000d2a80000, 0x00000000f0000000)
  object space 43520K, 30% used [0x00000000d0000000,0x00000000d0ceaa48,0x00000000d2a80000)
 PSPermGen       total 31744K, used 31282K [0x00000000b8000000, 0x00000000b9f00000, 0x00000000d0000000)
  object space 31744K, 98% used [0x00000000b8000000,0x00000000b9e8ca10,0x00000000b9f00000)
Event: 4.512 GC heap after
Heap after GC invocations=6 (full 0):
 PSYoungGen      total 75264K, used 9186K [0x00000000f0000000, 0x00000000f5700000, 0x0000000100000000)
  eden space 66048K, 0% used [0x00000000f0000000,0x00000000f0000000,0x00000000f4080000)
  from space 9216K, 99% used [0x00000000f4b00000,0x00000000f53f8960,0x00000000f5400000)
  to   space 10752K, 0% used [0x00000000f4080000,0x00000000f4080000,0x00000000f4b00000)
 ParOldGen       total 43520K, used 13597K [0x00000000d0000000, 0x00000000d2a80000, 0x00000000f0000000)
  object space 43520K, 31% used [0x00000000d0000000,0x00000000d0d474f0,0x00000000d2a80000)
 PSPermGen       total 31744K, used 31282K [0x00000000b8000000, 0x00000000b9f00000, 0x00000000d0000000)
  object space 31744K, 98% used [0x00000000b8000000,0x00000000b9e8ca10,0x00000000b9f00000)
}
Event: 7.147 GC heap before
{Heap before GC invocations=7 (full 0):
 PSYoungGen      total 75264K, used 75234K [0x00000000f0000000, 0x00000000f5700000, 0x0000000100000000)
  eden space 66048K, 100% used [0x00000000f0000000,0x00000000f4080000,0x00000000f4080000)
  from space 9216K, 99% used [0x00000000f4b00000,0x00000000f53f8960,0x00000000f5400000)
  to   space 10752K, 0% used [0x00000000f4080000,0x00000000f4080000,0x00000000f4b00000)
 ParOldGen       total 43520K, used 13597K [0x00000000d0000000, 0x00000000d2a80000, 0x00000000f0000000)
  object space 43520K, 31% used [0x00000000d0000000,0x00000000d0d474f0,0x00000000d2a80000)
 PSPermGen       total 38400K, used 37930K [0x00000000b8000000, 0x00000000ba580000, 0x00000000d0000000)
  object space 38400K, 98% used [0x00000000b8000000,0x00000000ba50aab8,0x00000000ba580000)
Event: 7.191 GC heap after
Heap after GC invocations=7 (full 0):
 PSYoungGen      total 76800K, used 9117K [0x00000000f0000000, 0x00000000f9800000, 0x0000000100000000)
  eden space 66048K, 0% used [0x00000000f0000000,0x00000000f0000000,0x00000000f4080000)
  from space 10752K, 84% used [0x00000000f4080000,0x00000000f4967748,0x00000000f4b00000)
  to   space 11776K, 0% used [0x00000000f8c80000,0x00000000f8c80000,0x00000000f9800000)
 ParOldGen       total 43520K, used 14685K [0x00000000d0000000, 0x00000000d2a80000, 0x00000000f0000000)
  object space 43520K, 33% used [0x00000000d0000000,0x00000000d0e57718,0x00000000d2a80000)
 PSPermGen       total 38400K, used 37930K [0x00000000b8000000, 0x00000000ba580000, 0x00000000d0000000)
  object space 38400K, 98% used [0x00000000b8000000,0x00000000ba50aab8,0x00000000ba580000)
}
Event: 9.102 GC heap before
{Heap before GC invocations=8 (full 0):
 PSYoungGen      total 76800K, used 75165K [0x00000000f0000000, 0x00000000f9800000, 0x0000000100000000)
  eden space 66048K, 100% used [0x00000000f0000000,0x00000000f4080000,0x00000000f4080000)
  from space 10752K, 84% used [0x00000000f4080000,0x00000000f4967748,0x00000000f4b00000)
  to   space 11776K, 0% used [0x00000000f8c80000,0x00000000f8c80000,0x00000000f9800000)
 ParOldGen       total 43520K, used 14685K [0x00000000d0000000, 0x00000000d2a80000, 0x00000000f0000000)
  object space 43520K, 33% used [0x00000000d0000000,0x00000000d0e57718,0x00000000d2a80000)
 PSPermGen       total 42496K, used 42011K [0x00000000b8000000, 0x00000000ba980000, 0x00000000d0000000)
  object space 42496K, 98% used [0x00000000b8000000,0x00000000ba906d30,0x00000000ba980000)
Event: 9.142 GC heap after
Heap after GC invocations=8 (full 0):
 PSYoungGen      total 142336K, used 11235K [0x00000000f0000000, 0x00000000f9b00000, 0x0000000100000000)
  eden space 130560K, 0% used [0x00000000f0000000,0x00000000f0000000,0x00000000f7f80000)
  from space 11776K, 95% used [0x00000000f8c80000,0x00000000f9778d98,0x00000000f9800000)
  to   space 13312K, 0% used [0x00000000f7f80000,0x00000000f7f80000,0x00000000f8c80000)
 ParOldGen       total 43520K, used 15525K [0x00000000d0000000, 0x00000000d2a80000, 0x00000000f0000000)
  object space 43520K, 35% used [0x00000000d0000000,0x00000000d0f29738,0x00000000d2a80000)
 PSPermGen       total 42496K, used 42011K [0x00000000b8000000, 0x00000000ba980000, 0x00000000d0000000)
  object space 42496K, 98% used [0x00000000b8000000,0x00000000ba906d30,0x00000000ba980000)
}
Event: 15.840 GC heap before
{Heap before GC invocations=9 (full 0):
 PSYoungGen      total 142336K, used 141795K [0x00000000f0000000, 0x00000000f9b00000, 0x0000000100000000)
  eden space 130560K, 100% used [0x00000000f0000000,0x00000000f7f80000,0x00000000f7f80000)
  from space 11776K, 95% used [0x00000000f8c80000,0x00000000f9778d98,0x00000000f9800000)
  to   space 13312K, 0% used [0x00000000f7f80000,0x00000000f7f80000,0x00000000f8c80000)
 ParOldGen       total 43520K, used 15525K [0x00000000d0000000, 0x00000000d2a80000, 0x00000000f0000000)
  object space 43520K, 35% used [0x00000000d0000000,0x00000000d0f29738,0x00000000d2a80000)
 PSPermGen       total 48128K, used 47784K [0x00000000b8000000, 0x00000000baf00000, 0x00000000d0000000)
  object space 48128K, 99% used [0x00000000b8000000,0x00000000baeaa0c8,0x00000000baf00000)
Event: 15.956 GC heap after
Heap after GC invocations=9 (full 0):
 PSYoungGen      total 143872K, used 13280K [0x00000000f0000000, 0x0000000100000000, 0x0000000100000000)
  eden space 130560K, 0% used [0x00000000f0000000,0x00000000f0000000,0x00000000f7f80000)
  from space 13312K, 99% used [0x00000000f7f80000,0x00000000f8c78010,0x00000000f8c80000)
  to   space 31232K, 0% used [0x00000000fe180000,0x00000000fe180000,0x0000000100000000)
 ParOldGen       total 55296K, used 55235K [0x00000000d0000000, 0x00000000d3600000, 0x00000000f0000000)
  object space 55296K, 99% used [0x00000000d0000000,0x00000000d35f0cc0,0x00000000d3600000)
 PSPermGen       total 48128K, used 47784K [0x00000000b8000000, 0x00000000baf00000, 0x00000000d0000000)
  object space 48128K, 99% used [0x00000000b8000000,0x00000000baeaa0c8,0x00000000baf00000)
}
Event: 15.956 GC heap before
{Heap before GC invocations=10 (full 1):
 PSYoungGen      total 143872K, used 13280K [0x00000000f0000000, 0x0000000100000000, 0x0000000100000000)
  eden space 130560K, 0% used [0x00000000f0000000,0x00000000f0000000,0x00000000f7f80000)
  from space 13312K, 99% used [0x00000000f7f80000,0x00000000f8c78010,0x00000000f8c80000)
  to   space 31232K, 0% used [0x00000000fe180000,0x00000000fe180000,0x0000000100000000)
 ParOldGen       total 55296K, used 55235K [0x00000000d0000000, 0x00000000d3600000, 0x00000000f0000000)
  object space 55296K, 99% used [0x00000000d0000000,0x00000000d35f0cc0,0x00000000d3600000)
 PSPermGen       total 48128K, used 47784K [0x00000000b8000000, 0x00000000baf00000, 0x00000000d0000000)
  object space 48128K, 99% used [0x00000000b8000000,0x00000000baeaa0c8,0x00000000baf00000)
Event: 16.813 GC heap after
Heap after GC invocations=10 (full 1):
 PSYoungGen      total 143872K, used 0K [0x00000000f0000000, 0x0000000100000000, 0x0000000100000000)
  eden space 130560K, 0% used [0x00000000f0000000,0x00000000f0000000,0x00000000f7f80000)
  from space 13312K, 0% used [0x00000000f7f80000,0x00000000f7f80000,0x00000000f8c80000)
  to   space 31232K, 0% used [0x00000000fe180000,0x00000000fe180000,0x0000000100000000)
 ParOldGen       total 104960K, used 54617K [0x00000000d0000000, 0x00000000d6680000, 0x00000000f0000000)
  object space 104960K, 52% used [0x00000000d0000000,0x00000000d3556680,0x00000000d6680000)
 PSPermGen       total 48128K, used 47734K [0x00000000b8000000, 0x00000000baf00000, 0x00000000d0000000)
  object space 48128K, 99% used [0x00000000b8000000,0x00000000bae9d840,0x00000000baf00000)
}

