# JRE version: Java(TM) SE Runtime Environment (7.0_45-b18) (build 1.7.0_45-b18)
# Java VM: Java HotSpot(TM) 64-Bit Server VM (24.45-b08 mixed mode windows-amd64 compressed oops)
Heap
 PSYoungGen      total 217088K, used 34927K [0x00000000f0000000, 0x00000000ffb00000, 0x0000000100000000)
  eden space 178176K, 14% used [0x00000000f0000000,0x00000000f1957608,0x00000000fae00000)
  from space 38912K, 23% used [0x00000000fd500000,0x00000000fddc4768,0x00000000ffb00000)
  to   space 39424K, 0% used [0x00000000fae00000,0x00000000fae00000,0x00000000fd480000)
 ParOldGen       total 153088K, used 62415K [0x00000000d0000000, 0x00000000d9580000, 0x00000000f0000000)
  object space 153088K, 40% used [0x00000000d0000000,0x00000000d3cf3f28,0x00000000d9580000)
 PSPermGen       total 98816K, used 57597K [0x00000000b8000000, 0x00000000be080000, 0x00000000d0000000)
  object space 98816K, 58% used [0x00000000b8000000,0x00000000bb83f678,0x00000000be080000)
GC Heap History (10 events):
Event: 28.860 GC heap before
{Heap before GC invocations=17 (full 2):
 PSYoungGen      total 159744K, used 159712K [0x00000000f0000000, 0x00000000fcd00000, 0x0000000100000000)
  eden space 132608K, 100% used [0x00000000f0000000,0x00000000f8180000,0x00000000f8180000)
  from space 27136K, 99% used [0x00000000fa100000,0x00000000fbb78080,0x00000000fbb80000)
  to   space 32256K, 0% used [0x00000000f8180000,0x00000000f8180000,0x00000000fa100000)
 ParOldGen       total 89600K, used 26811K [0x00000000d0000000, 0x00000000d5780000, 0x00000000f0000000)
  object space 89600K, 29% used [0x00000000d0000000,0x00000000d1a2ed40,0x00000000d5780000)
 PSPermGen       total 93696K, used 53418K [0x00000000b8000000, 0x00000000bdb80000, 0x00000000d0000000)
  object space 93696K, 57% used [0x00000000b8000000,0x00000000bb42a990,0x00000000bdb80000)
Event: 28.965 GC heap after
Heap after GC invocations=17 (full 2):
 PSYoungGen      total 164864K, used 32252K [0x00000000f0000000, 0x00000000ff680000, 0x0000000100000000)
  eden space 132608K, 0% used [0x00000000f0000000,0x00000000f0000000,0x00000000f8180000)
  from space 32256K, 99% used [0x00000000f8180000,0x00000000fa0ff098,0x00000000fa100000)
  to   space 43008K, 0% used [0x00000000fcc80000,0x00000000fcc80000,0x00000000ff680000)
 ParOldGen       total 89600K, used 40415K [0x00000000d0000000, 0x00000000d5780000, 0x00000000f0000000)
  object space 89600K, 45% used [0x00000000d0000000,0x00000000d2777d18,0x00000000d5780000)
 PSPermGen       total 93696K, used 53418K [0x00000000b8000000, 0x00000000bdb80000, 0x00000000d0000000)
  object space 93696K, 57% used [0x00000000b8000000,0x00000000bb42a990,0x00000000bdb80000)
}
Event: 29.670 GC heap before
{Heap before GC invocations=18 (full 2):
 PSYoungGen      total 164864K, used 164860K [0x00000000f0000000, 0x00000000ff680000, 0x0000000100000000)
  eden space 132608K, 100% used [0x00000000f0000000,0x00000000f8180000,0x00000000f8180000)
  from space 32256K, 99% used [0x00000000f8180000,0x00000000fa0ff098,0x00000000fa100000)
  to   space 43008K, 0% used [0x00000000fcc80000,0x00000000fcc80000,0x00000000ff680000)
 ParOldGen       total 89600K, used 40415K [0x00000000d0000000, 0x00000000d5780000, 0x00000000f0000000)
  object space 89600K, 45% used [0x00000000d0000000,0x00000000d2777d18,0x00000000d5780000)
 PSPermGen       total 93696K, used 53445K [0x00000000b8000000, 0x00000000bdb80000, 0x00000000d0000000)
  object space 93696K, 57% used [0x00000000b8000000,0x00000000bb431460,0x00000000bdb80000)
Event: 29.765 GC heap after
Heap after GC invocations=18 (full 2):
 PSYoungGen      total 209920K, used 2240K [0x00000000f0000000, 0x0000000100000000, 0x0000000100000000)
  eden space 166912K, 0% used [0x00000000f0000000,0x00000000f0000000,0x00000000fa300000)
  from space 43008K, 5% used [0x00000000fcc80000,0x00000000fceb0000,0x00000000ff680000)
  to   space 42496K, 0% used [0x00000000fa300000,0x00000000fa300000,0x00000000fcc80000)
 ParOldGen       total 89600K, used 72771K [0x00000000d0000000, 0x00000000d5780000, 0x00000000f0000000)
  object space 89600K, 81% used [0x00000000d0000000,0x00000000d4710ff8,0x00000000d5780000)
 PSPermGen       total 93696K, used 53445K [0x00000000b8000000, 0x00000000bdb80000, 0x00000000d0000000)
  object space 93696K, 57% used [0x00000000b8000000,0x00000000bb431460,0x00000000bdb80000)
}
Event: 29.765 GC heap before
{Heap before GC invocations=19 (full 3):
 PSYoungGen      total 209920K, used 2240K [0x00000000f0000000, 0x0000000100000000, 0x0000000100000000)
  eden space 166912K, 0% used [0x00000000f0000000,0x00000000f0000000,0x00000000fa300000)
  from space 43008K, 5% used [0x00000000fcc80000,0x00000000fceb0000,0x00000000ff680000)
  to   space 42496K, 0% used [0x00000000fa300000,0x00000000fa300000,0x00000000fcc80000)
 ParOldGen       total 89600K, used 72771K [0x00000000d0000000, 0x00000000d5780000, 0x00000000f0000000)
  object space 89600K, 81% used [0x00000000d0000000,0x00000000d4710ff8,0x00000000d5780000)
 PSPermGen       total 93696K, used 53445K [0x00000000b8000000, 0x00000000bdb80000, 0x00000000d0000000)
  object space 93696K, 57% used [0x00000000b8000000,0x00000000bb431460,0x00000000bdb80000)
Event: 30.584 GC heap after
Heap after GC invocations=19 (full 3):
 PSYoungGen      total 209920K, used 0K [0x00000000f0000000, 0x0000000100000000, 0x0000000100000000)
  eden space 166912K, 0% used [0x00000000f0000000,0x00000000f0000000,0x00000000fa300000)
  from space 43008K, 0% used [0x00000000fcc80000,0x00000000fcc80000,0x00000000ff680000)
  to   space 42496K, 0% used [0x00000000fa300000,0x00000000fa300000,0x00000000fcc80000)
 ParOldGen       total 153088K, used 62415K [0x00000000d0000000, 0x00000000d9580000, 0x00000000f0000000)
  object space 153088K, 40% used [0x00000000d0000000,0x00000000d3cf3f28,0x00000000d9580000)
 PSPermGen       total 98816K, used 53438K [0x00000000b8000000, 0x00000000be080000, 0x00000000d0000000)
  object space 98816K, 54% used [0x00000000b8000000,0x00000000bb42fa28,0x00000000be080000)
}
Event: 31.975 GC heap before
{Heap before GC invocations=20 (full 3):
 PSYoungGen      total 209920K, used 166912K [0x00000000f0000000, 0x0000000100000000, 0x0000000100000000)
  eden space 166912K, 100% used [0x00000000f0000000,0x00000000fa300000,0x00000000fa300000)
  from space 43008K, 0% used [0x00000000fcc80000,0x00000000fcc80000,0x00000000ff680000)
  to   space 42496K, 0% used [0x00000000fa300000,0x00000000fa300000,0x00000000fcc80000)
 ParOldGen       total 153088K, used 62415K [0x00000000d0000000, 0x00000000d9580000, 0x00000000f0000000)
  object space 153088K, 40% used [0x00000000d0000000,0x00000000d3cf3f28,0x00000000d9580000)
 PSPermGen       total 98816K, used 53550K [0x00000000b8000000, 0x00000000be080000, 0x00000000d0000000)
  object space 98816K, 54% used [0x00000000b8000000,0x00000000bb44b968,0x00000000be080000)
Event: 31.987 GC heap after
Heap after GC invocations=20 (full 3):
 PSYoungGen      total 209408K, used 3472K [0x00000000f0000000, 0x00000000ffd80000, 0x0000000100000000)
  eden space 166912K, 0% used [0x00000000f0000000,0x00000000f0000000,0x00000000fa300000)
  from space 42496K, 8% used [0x00000000fa300000,0x00000000fa664010,0x00000000fcc80000)
  to   space 41472K, 0% used [0x00000000fd500000,0x00000000fd500000,0x00000000ffd80000)
 ParOldGen       total 153088K, used 62415K [0x00000000d0000000, 0x00000000d9580000, 0x00000000f0000000)
  object space 153088K, 40% used [0x00000000d0000000,0x00000000d3cf3f28,0x00000000d9580000)
 PSPermGen       total 98816K, used 53550K [0x00000000b8000000, 0x00000000be080000, 0x00000000d0000000)
  object space 98816K, 54% used [0x00000000b8000000,0x00000000bb44b968,0x00000000be080000)
}
Event: 37.260 GC heap before
{Heap before GC invocations=21 (full 3):
 PSYoungGen      total 209408K, used 170384K [0x00000000f0000000, 0x00000000ffd80000, 0x0000000100000000)
  eden space 166912K, 100% used [0x00000000f0000000,0x00000000fa300000,0x00000000fa300000)
  from space 42496K, 8% used [0x00000000fa300000,0x00000000fa664010,0x00000000fcc80000)
  to   space 41472K, 0% used [0x00000000fd500000,0x00000000fd500000,0x00000000ffd80000)
 ParOldGen       total 153088K, used 62415K [0x00000000d0000000, 0x00000000d9580000, 0x00000000f0000000)
  object space 153088K, 40% used [0x00000000d0000000,0x00000000d3cf3f28,0x00000000d9580000)
 PSPermGen       total 98816K, used 57536K [0x00000000b8000000, 0x00000000be080000, 0x00000000d0000000)
  object space 98816K, 58% used [0x00000000b8000000,0x00000000bb830288,0x00000000be080000)
Event: 37.285 GC heap after
Heap after GC invocations=21 (full 3):
 PSYoungGen      total 217088K, used 8977K [0x00000000f0000000, 0x00000000ffb00000, 0x0000000100000000)
  eden space 178176K, 0% used [0x00000000f0000000,0x00000000f0000000,0x00000000fae00000)
  from space 38912K, 23% used [0x00000000fd500000,0x00000000fddc4768,0x00000000ffb00000)
  to   space 39424K, 0% used [0x00000000fae00000,0x00000000fae00000,0x00000000fd480000)
 ParOldGen       total 153088K, used 62415K [0x00000000d0000000, 0x00000000d9580000, 0x00000000f0000000)
  object space 153088K, 40% used [0x00000000d0000000,0x00000000d3cf3f28,0x00000000d9580000)
 PSPermGen       total 98816K, used 57536K [0x00000000b8000000, 0x00000000be080000, 0x00000000d0000000)
  object space 98816K, 58% used [0x00000000b8000000,0x00000000bb830288,0x00000000be080000)
}

