# JRE version: Java(TM) SE Runtime Environment (7.0_45-b18) (build 1.7.0_45-b18)
# Java VM: Java HotSpot(TM) 64-Bit Server VM (24.45-b08 mixed mode windows-amd64 compressed oops)
Heap
 PSYoungGen      total 142848K, used 18726K [0x00000000f0000000, 0x00000000f9a00000, 0x0000000100000000)
  eden space 129536K, 14% used [0x00000000f0000000,0x00000000f1249928,0x00000000f7e80000)
  from space 13312K, 0% used [0x00000000f7e80000,0x00000000f7e80000,0x00000000f8b80000)
  to   space 11776K, 0% used [0x00000000f8b80000,0x00000000f8b80000,0x00000000f9700000)
 ParOldGen       total 55808K, used 54580K [0x00000000d0000000, 0x00000000d3680000, 0x00000000f0000000)
  object space 55808K, 97% used [0x00000000d0000000,0x00000000d354d338,0x00000000d3680000)
 PSPermGen       total 49664K, used 49168K [0x00000000b8000000, 0x00000000bb080000, 0x00000000d0000000)
  object space 49664K, 99% used [0x00000000b8000000,0x00000000bb004010,0x00000000bb080000)
GC Heap History (10 events):
Event: 5.902 GC heap before
{Heap before GC invocations=6 (full 0):
 PSYoungGen      total 36352K, used 36340K [0x00000000f0000000, 0x00000000f5300000, 0x0000000100000000)
  eden space 33792K, 100% used [0x00000000f0000000,0x00000000f2100000,0x00000000f2100000)
  from space 2560K, 99% used [0x00000000f2100000,0x00000000f237d060,0x00000000f2380000)
  to   space 8704K, 0% used [0x00000000f4a80000,0x00000000f4a80000,0x00000000f5300000)
 ParOldGen       total 43520K, used 13236K [0x00000000d0000000, 0x00000000d2a80000, 0x00000000f0000000)
  object space 43520K, 30% used [0x00000000d0000000,0x00000000d0ced3b8,0x00000000d2a80000)
 PSPermGen       total 31744K, used 31282K [0x00000000b8000000, 0x00000000b9f00000, 0x00000000d0000000)
  object space 31744K, 98% used [0x00000000b8000000,0x00000000b9e8cb48,0x00000000b9f00000)
Event: 5.924 GC heap after
Heap after GC invocations=6 (full 0):
 PSYoungGen      total 74240K, used 8696K [0x00000000f0000000, 0x00000000f5700000, 0x0000000100000000)
  eden space 65536K, 0% used [0x00000000f0000000,0x00000000f0000000,0x00000000f4000000)
  from space 8704K, 99% used [0x00000000f4a80000,0x00000000f52fe0d8,0x00000000f5300000)
  to   space 10752K, 0% used [0x00000000f4000000,0x00000000f4000000,0x00000000f4a80000)
 ParOldGen       total 43520K, used 14043K [0x00000000d0000000, 0x00000000d2a80000, 0x00000000f0000000)
  object space 43520K, 32% used [0x00000000d0000000,0x00000000d0db6d60,0x00000000d2a80000)
 PSPermGen       total 31744K, used 31282K [0x00000000b8000000, 0x00000000b9f00000, 0x00000000d0000000)
  object space 31744K, 98% used [0x00000000b8000000,0x00000000b9e8cb48,0x00000000b9f00000)
}
Event: 8.989 GC heap before
{Heap before GC invocations=7 (full 0):
 PSYoungGen      total 74240K, used 74232K [0x00000000f0000000, 0x00000000f5700000, 0x0000000100000000)
  eden space 65536K, 100% used [0x00000000f0000000,0x00000000f4000000,0x00000000f4000000)
  from space 8704K, 99% used [0x00000000f4a80000,0x00000000f52fe0d8,0x00000000f5300000)
  to   space 10752K, 0% used [0x00000000f4000000,0x00000000f4000000,0x00000000f4a80000)
 ParOldGen       total 43520K, used 14043K [0x00000000d0000000, 0x00000000d2a80000, 0x00000000f0000000)
  object space 43520K, 32% used [0x00000000d0000000,0x00000000d0db6d60,0x00000000d2a80000)
 PSPermGen       total 38400K, used 37937K [0x00000000b8000000, 0x00000000ba580000, 0x00000000d0000000)
  object space 38400K, 98% used [0x00000000b8000000,0x00000000ba50c630,0x00000000ba580000)
Event: 9.018 GC heap after
Heap after GC invocations=7 (full 0):
 PSYoungGen      total 76288K, used 9229K [0x00000000f0000000, 0x00000000f9700000, 0x0000000100000000)
  eden space 65536K, 0% used [0x00000000f0000000,0x00000000f0000000,0x00000000f4000000)
  from space 10752K, 85% used [0x00000000f4000000,0x00000000f4903748,0x00000000f4a80000)
  to   space 11776K, 0% used [0x00000000f8b80000,0x00000000f8b80000,0x00000000f9700000)
 ParOldGen       total 43520K, used 15075K [0x00000000d0000000, 0x00000000d2a80000, 0x00000000f0000000)
  object space 43520K, 34% used [0x00000000d0000000,0x00000000d0eb8f88,0x00000000d2a80000)
 PSPermGen       total 38400K, used 37937K [0x00000000b8000000, 0x00000000ba580000, 0x00000000d0000000)
  object space 38400K, 98% used [0x00000000b8000000,0x00000000ba50c630,0x00000000ba580000)
}
Event: 10.398 GC heap before
{Heap before GC invocations=8 (full 0):
 PSYoungGen      total 76288K, used 74765K [0x00000000f0000000, 0x00000000f9700000, 0x0000000100000000)
  eden space 65536K, 100% used [0x00000000f0000000,0x00000000f4000000,0x00000000f4000000)
  from space 10752K, 85% used [0x00000000f4000000,0x00000000f4903748,0x00000000f4a80000)
  to   space 11776K, 0% used [0x00000000f8b80000,0x00000000f8b80000,0x00000000f9700000)
 ParOldGen       total 43520K, used 15075K [0x00000000d0000000, 0x00000000d2a80000, 0x00000000f0000000)
  object space 43520K, 34% used [0x00000000d0000000,0x00000000d0eb8f88,0x00000000d2a80000)
 PSPermGen       total 42496K, used 42012K [0x00000000b8000000, 0x00000000ba980000, 0x00000000d0000000)
  object space 42496K, 98% used [0x00000000b8000000,0x00000000ba907208,0x00000000ba980000)
Event: 10.426 GC heap after
Heap after GC invocations=8 (full 0):
 PSYoungGen      total 141312K, used 11470K [0x00000000f0000000, 0x00000000f9a00000, 0x0000000100000000)
  eden space 129536K, 0% used [0x00000000f0000000,0x00000000f0000000,0x00000000f7e80000)
  from space 11776K, 97% used [0x00000000f8b80000,0x00000000f96b3a78,0x00000000f9700000)
  to   space 13312K, 0% used [0x00000000f7e80000,0x00000000f7e80000,0x00000000f8b80000)
 ParOldGen       total 43520K, used 15827K [0x00000000d0000000, 0x00000000d2a80000, 0x00000000f0000000)
  object space 43520K, 36% used [0x00000000d0000000,0x00000000d0f74fa8,0x00000000d2a80000)
 PSPermGen       total 42496K, used 42012K [0x00000000b8000000, 0x00000000ba980000, 0x00000000d0000000)
  object space 42496K, 98% used [0x00000000b8000000,0x00000000ba907208,0x00000000ba980000)
}
Event: 16.073 GC heap before
{Heap before GC invocations=9 (full 0):
 PSYoungGen      total 141312K, used 141006K [0x00000000f0000000, 0x00000000f9a00000, 0x0000000100000000)
  eden space 129536K, 100% used [0x00000000f0000000,0x00000000f7e80000,0x00000000f7e80000)
  from space 11776K, 97% used [0x00000000f8b80000,0x00000000f96b3a78,0x00000000f9700000)
  to   space 13312K, 0% used [0x00000000f7e80000,0x00000000f7e80000,0x00000000f8b80000)
 ParOldGen       total 43520K, used 15827K [0x00000000d0000000, 0x00000000d2a80000, 0x00000000f0000000)
  object space 43520K, 36% used [0x00000000d0000000,0x00000000d0f74fa8,0x00000000d2a80000)
 PSPermGen       total 48128K, used 47774K [0x00000000b8000000, 0x00000000baf00000, 0x00000000d0000000)
  object space 48128K, 99% used [0x00000000b8000000,0x00000000baea78e8,0x00000000baf00000)
Event: 16.297 GC heap after
Heap after GC invocations=9 (full 0):
 PSYoungGen      total 142848K, used 13284K [0x00000000f0000000, 0x00000000f9a00000, 0x0000000100000000)
  eden space 129536K, 0% used [0x00000000f0000000,0x00000000f0000000,0x00000000f7e80000)
  from space 13312K, 99% used [0x00000000f7e80000,0x00000000f8b79030,0x00000000f8b80000)
  to   space 11776K, 0% used [0x00000000f8b80000,0x00000000f8b80000,0x00000000f9700000)
 ParOldGen       total 55808K, used 55640K [0x00000000d0000000, 0x00000000d3680000, 0x00000000f0000000)
  object space 55808K, 99% used [0x00000000d0000000,0x00000000d3656370,0x00000000d3680000)
 PSPermGen       total 48128K, used 47774K [0x00000000b8000000, 0x00000000baf00000, 0x00000000d0000000)
  object space 48128K, 99% used [0x00000000b8000000,0x00000000baea78e8,0x00000000baf00000)
}
Event: 16.297 GC heap before
{Heap before GC invocations=10 (full 1):
 PSYoungGen      total 142848K, used 13284K [0x00000000f0000000, 0x00000000f9a00000, 0x0000000100000000)
  eden space 129536K, 0% used [0x00000000f0000000,0x00000000f0000000,0x00000000f7e80000)
  from space 13312K, 99% used [0x00000000f7e80000,0x00000000f8b79030,0x00000000f8b80000)
  to   space 11776K, 0% used [0x00000000f8b80000,0x00000000f8b80000,0x00000000f9700000)
 ParOldGen       total 55808K, used 55640K [0x00000000d0000000, 0x00000000d3680000, 0x00000000f0000000)
  object space 55808K, 99% used [0x00000000d0000000,0x00000000d3656370,0x00000000d3680000)
 PSPermGen       total 48128K, used 47774K [0x00000000b8000000, 0x00000000baf00000, 0x00000000d0000000)
  object space 48128K, 99% used [0x00000000b8000000,0x00000000baea78e8,0x00000000baf00000)
Event: 17.740 GC heap after
Heap after GC invocations=10 (full 1):
 PSYoungGen      total 142848K, used 0K [0x00000000f0000000, 0x00000000f9a00000, 0x0000000100000000)
  eden space 129536K, 0% used [0x00000000f0000000,0x00000000f0000000,0x00000000f7e80000)
  from space 13312K, 0% used [0x00000000f7e80000,0x00000000f7e80000,0x00000000f8b80000)
  to   space 11776K, 0% used [0x00000000f8b80000,0x00000000f8b80000,0x00000000f9700000)
 ParOldGen       total 55808K, used 54580K [0x00000000d0000000, 0x00000000d3680000, 0x00000000f0000000)
  object space 55808K, 97% used [0x00000000d0000000,0x00000000d354d338,0x00000000d3680000)
 PSPermGen       total 48128K, used 47723K [0x00000000b8000000, 0x00000000baf00000, 0x00000000d0000000)
  object space 48128K, 99% used [0x00000000b8000000,0x00000000bae9af40,0x00000000baf00000)
}

