# JRE version: Java(TM) SE Runtime Environment (7.0_45-b18) (build 1.7.0_45-b18)
# Java VM: Java HotSpot(TM) 64-Bit Server VM (24.45-b08 mixed mode windows-amd64 compressed oops)
Heap
 PSYoungGen      total 134144K, used 62453K [0x00000000f5500000, 0x0000000100000000, 0x0000000100000000)
  eden space 102400K, 32% used [0x00000000f5500000,0x00000000f758a460,0x00000000fb900000)
  from space 31744K, 91% used [0x00000000fe000000,0x00000000ffc730b0,0x00000000fff00000)
  to   space 36352K, 0% used [0x00000000fb900000,0x00000000fb900000,0x00000000fdc80000)
 ParOldGen       total 193536K, used 68276K [0x00000000e0000000, 0x00000000ebd00000, 0x00000000f5500000)
  object space 193536K, 35% used [0x00000000e0000000,0x00000000e42ad030,0x00000000ebd00000)
 PSPermGen       total 244224K, used 106825K [0x00000000d0000000, 0x00000000dee80000, 0x00000000e0000000)
  object space 244224K, 43% used [0x00000000d0000000,0x00000000d6852720,0x00000000dee80000)
GC Heap History (10 events):
Event: 1303.325 GC heap before
{Heap before GC invocations=85 (full 7):
 PSYoungGen      total 132608K, used 21764K [0x00000000f5500000, 0x0000000100000000, 0x0000000100000000)
  eden space 101376K, 0% used [0x00000000f5500000,0x00000000f5500000,0x00000000fb800000)
  from space 31232K, 69% used [0x00000000fe180000,0x00000000ff6c13d0,0x0000000100000000)
  to   space 36864K, 0% used [0x00000000fb800000,0x00000000fb800000,0x00000000fdc00000)
 ParOldGen       total 174080K, used 172173K [0x00000000e0000000, 0x00000000eaa00000, 0x00000000f5500000)
  object space 174080K, 98% used [0x00000000e0000000,0x00000000ea823728,0x00000000eaa00000)
 PSPermGen       total 241152K, used 113961K [0x00000000d0000000, 0x00000000deb80000, 0x00000000e0000000)
  object space 241152K, 47% used [0x00000000d0000000,0x00000000d6f4a710,0x00000000deb80000)
Event: 1304.273 GC heap after
Heap after GC invocations=85 (full 7):
 PSYoungGen      total 132608K, used 0K [0x00000000f5500000, 0x0000000100000000, 0x0000000100000000)
  eden space 101376K, 0% used [0x00000000f5500000,0x00000000f5500000,0x00000000fb800000)
  from space 31232K, 0% used [0x00000000fe180000,0x00000000fe180000,0x0000000100000000)
  to   space 36864K, 0% used [0x00000000fb800000,0x00000000fb800000,0x00000000fdc00000)
 ParOldGen       total 193536K, used 62740K [0x00000000e0000000, 0x00000000ebd00000, 0x00000000f5500000)
  object space 193536K, 32% used [0x00000000e0000000,0x00000000e3d45030,0x00000000ebd00000)
 PSPermGen       total 244224K, used 105891K [0x00000000d0000000, 0x00000000dee80000, 0x00000000e0000000)
  object space 244224K, 43% used [0x00000000d0000000,0x00000000d6768d88,0x00000000dee80000)
}
Event: 1304.773 GC heap before
{Heap before GC invocations=86 (full 7):
 PSYoungGen      total 132608K, used 101376K [0x00000000f5500000, 0x0000000100000000, 0x0000000100000000)
  eden space 101376K, 100% used [0x00000000f5500000,0x00000000fb800000,0x00000000fb800000)
  from space 31232K, 0% used [0x00000000fe180000,0x00000000fe180000,0x0000000100000000)
  to   space 36864K, 0% used [0x00000000fb800000,0x00000000fb800000,0x00000000fdc00000)
 ParOldGen       total 193536K, used 62740K [0x00000000e0000000, 0x00000000ebd00000, 0x00000000f5500000)
  object space 193536K, 32% used [0x00000000e0000000,0x00000000e3d45030,0x00000000ebd00000)
 PSPermGen       total 244224K, used 105932K [0x00000000d0000000, 0x00000000dee80000, 0x00000000e0000000)
  object space 244224K, 43% used [0x00000000d0000000,0x00000000d67733f8,0x00000000dee80000)
Event: 1304.806 GC heap after
Heap after GC invocations=86 (full 7):
 PSYoungGen      total 138240K, used 5888K [0x00000000f5500000, 0x0000000100000000, 0x0000000100000000)
  eden space 101376K, 0% used [0x00000000f5500000,0x00000000f5500000,0x00000000fb800000)
  from space 36864K, 15% used [0x00000000fb800000,0x00000000fbdc0000,0x00000000fdc00000)
  to   space 35840K, 0% used [0x00000000fdd00000,0x00000000fdd00000,0x0000000100000000)
 ParOldGen       total 193536K, used 62740K [0x00000000e0000000, 0x00000000ebd00000, 0x00000000f5500000)
  object space 193536K, 32% used [0x00000000e0000000,0x00000000e3d45030,0x00000000ebd00000)
 PSPermGen       total 244224K, used 105932K [0x00000000d0000000, 0x00000000dee80000, 0x00000000e0000000)
  object space 244224K, 43% used [0x00000000d0000000,0x00000000d67733f8,0x00000000dee80000)
}
Event: 1327.034 GC heap before
{Heap before GC invocations=87 (full 7):
 PSYoungGen      total 138240K, used 107264K [0x00000000f5500000, 0x0000000100000000, 0x0000000100000000)
  eden space 101376K, 100% used [0x00000000f5500000,0x00000000fb800000,0x00000000fb800000)
  from space 36864K, 15% used [0x00000000fb800000,0x00000000fbdc0000,0x00000000fdc00000)
  to   space 35840K, 0% used [0x00000000fdd00000,0x00000000fdd00000,0x0000000100000000)
 ParOldGen       total 193536K, used 62740K [0x00000000e0000000, 0x00000000ebd00000, 0x00000000f5500000)
  object space 193536K, 32% used [0x00000000e0000000,0x00000000e3d45030,0x00000000ebd00000)
 PSPermGen       total 244224K, used 105956K [0x00000000d0000000, 0x00000000dee80000, 0x00000000e0000000)
  object space 244224K, 43% used [0x00000000d0000000,0x00000000d67791d8,0x00000000dee80000)
Event: 1327.086 GC heap after
Heap after GC invocations=87 (full 7):
 PSYoungGen      total 133120K, used 9324K [0x00000000f5500000, 0x00000000ffb00000, 0x0000000100000000)
  eden space 102400K, 0% used [0x00000000f5500000,0x00000000f5500000,0x00000000fb900000)
  from space 30720K, 30% used [0x00000000fdd00000,0x00000000fe61b050,0x00000000ffb00000)
  to   space 33792K, 0% used [0x00000000fb900000,0x00000000fb900000,0x00000000fda00000)
 ParOldGen       total 193536K, used 68276K [0x00000000e0000000, 0x00000000ebd00000, 0x00000000f5500000)
  object space 193536K, 35% used [0x00000000e0000000,0x00000000e42ad030,0x00000000ebd00000)
 PSPermGen       total 244224K, used 105956K [0x00000000d0000000, 0x00000000dee80000, 0x00000000e0000000)
  object space 244224K, 43% used [0x00000000d0000000,0x00000000d67791d8,0x00000000dee80000)
}
Event: 1351.976 GC heap before
{Heap before GC invocations=88 (full 7):
 PSYoungGen      total 133120K, used 111724K [0x00000000f5500000, 0x00000000ffb00000, 0x0000000100000000)
  eden space 102400K, 100% used [0x00000000f5500000,0x00000000fb900000,0x00000000fb900000)
  from space 30720K, 30% used [0x00000000fdd00000,0x00000000fe61b050,0x00000000ffb00000)
  to   space 33792K, 0% used [0x00000000fb900000,0x00000000fb900000,0x00000000fda00000)
 ParOldGen       total 193536K, used 68276K [0x00000000e0000000, 0x00000000ebd00000, 0x00000000f5500000)
  object space 193536K, 35% used [0x00000000e0000000,0x00000000e42ad030,0x00000000ebd00000)
 PSPermGen       total 244224K, used 106262K [0x00000000d0000000, 0x00000000dee80000, 0x00000000e0000000)
  object space 244224K, 43% used [0x00000000d0000000,0x00000000d67c5928,0x00000000dee80000)
Event: 1352.004 GC heap after
Heap after GC invocations=88 (full 7):
 PSYoungGen      total 136192K, used 9052K [0x00000000f5500000, 0x00000000fff00000, 0x0000000100000000)
  eden space 102400K, 0% used [0x00000000f5500000,0x00000000f5500000,0x00000000fb900000)
  from space 33792K, 26% used [0x00000000fb900000,0x00000000fc1d7240,0x00000000fda00000)
  to   space 31744K, 0% used [0x00000000fe000000,0x00000000fe000000,0x00000000fff00000)
 ParOldGen       total 193536K, used 68276K [0x00000000e0000000, 0x00000000ebd00000, 0x00000000f5500000)
  object space 193536K, 35% used [0x00000000e0000000,0x00000000e42ad030,0x00000000ebd00000)
 PSPermGen       total 244224K, used 106262K [0x00000000d0000000, 0x00000000dee80000, 0x00000000e0000000)
  object space 244224K, 43% used [0x00000000d0000000,0x00000000d67c5928,0x00000000dee80000)
}
Event: 1355.013 GC heap before
{Heap before GC invocations=89 (full 7):
 PSYoungGen      total 136192K, used 111452K [0x00000000f5500000, 0x00000000fff00000, 0x0000000100000000)
  eden space 102400K, 100% used [0x00000000f5500000,0x00000000fb900000,0x00000000fb900000)
  from space 33792K, 26% used [0x00000000fb900000,0x00000000fc1d7240,0x00000000fda00000)
  to   space 31744K, 0% used [0x00000000fe000000,0x00000000fe000000,0x00000000fff00000)
 ParOldGen       total 193536K, used 68276K [0x00000000e0000000, 0x00000000ebd00000, 0x00000000f5500000)
  object space 193536K, 35% used [0x00000000e0000000,0x00000000e42ad030,0x00000000ebd00000)
 PSPermGen       total 244224K, used 106430K [0x00000000d0000000, 0x00000000dee80000, 0x00000000e0000000)
  object space 244224K, 43% used [0x00000000d0000000,0x00000000d67ef9d0,0x00000000dee80000)
Event: 1355.084 GC heap after
Heap after GC invocations=89 (full 7):
 PSYoungGen      total 134144K, used 29132K [0x00000000f5500000, 0x0000000100000000, 0x0000000100000000)
  eden space 102400K, 0% used [0x00000000f5500000,0x00000000f5500000,0x00000000fb900000)
  from space 31744K, 91% used [0x00000000fe000000,0x00000000ffc730b0,0x00000000fff00000)
  to   space 36352K, 0% used [0x00000000fb900000,0x00000000fb900000,0x00000000fdc80000)
 ParOldGen       total 193536K, used 68276K [0x00000000e0000000, 0x00000000ebd00000, 0x00000000f5500000)
  object space 193536K, 35% used [0x00000000e0000000,0x00000000e42ad030,0x00000000ebd00000)
 PSPermGen       total 244224K, used 106430K [0x00000000d0000000, 0x00000000dee80000, 0x00000000e0000000)
  object space 244224K, 43% used [0x00000000d0000000,0x00000000d67ef9d0,0x00000000dee80000)
}

