# JRE version: Java(TM) SE Runtime Environment (7.0_45-b18) (build 1.7.0_45-b18)
# Java VM: Java HotSpot(TM) 64-Bit Server VM (24.45-b08 mixed mode windows-amd64 compressed oops)
Heap
 PSYoungGen      total 141824K, used 93301K [0x00000000f5500000, 0x0000000100000000, 0x0000000100000000)
  eden space 108544K, 83% used [0x00000000f5500000,0x00000000fada55a0,0x00000000fbf00000)
  from space 33280K, 7% used [0x00000000fbf00000,0x00000000fc178000,0x00000000fdf80000)
  to   space 33280K, 0% used [0x00000000fdf80000,0x00000000fdf80000,0x0000000100000000)
 ParOldGen       total 125952K, used 93826K [0x00000000e0000000, 0x00000000e7b00000, 0x00000000f5500000)
  object space 125952K, 74% used [0x00000000e0000000,0x00000000e5ba0908,0x00000000e7b00000)
 PSPermGen       total 111104K, used 58230K [0x00000000d0000000, 0x00000000d6c80000, 0x00000000e0000000)
  object space 111104K, 52% used [0x00000000d0000000,0x00000000d38dd8c0,0x00000000d6c80000)
GC Heap History (10 events):
Event: 68.578 GC heap before
{Heap before GC invocations=15 (full 1):
 PSYoungGen      total 162304K, used 150016K [0x00000000f5500000, 0x00000000fff80000, 0x0000000100000000)
  eden space 150016K, 100% used [0x00000000f5500000,0x00000000fe780000,0x00000000fe780000)
  from space 12288K, 0% used [0x00000000fe780000,0x00000000fe780000,0x00000000ff380000)
  to   space 12288K, 0% used [0x00000000ff380000,0x00000000ff380000,0x00000000fff80000)
 ParOldGen       total 56320K, used 26023K [0x00000000e0000000, 0x00000000e3700000, 0x00000000f5500000)
  object space 56320K, 46% used [0x00000000e0000000,0x00000000e1969f10,0x00000000e3700000)
 PSPermGen       total 93696K, used 46840K [0x00000000d0000000, 0x00000000d5b80000, 0x00000000e0000000)
  object space 93696K, 49% used [0x00000000d0000000,0x00000000d2dbe0e0,0x00000000d5b80000)
Event: 68.590 GC heap after
Heap after GC invocations=15 (full 1):
 PSYoungGen      total 162304K, used 4245K [0x00000000f5500000, 0x0000000100000000, 0x0000000100000000)
  eden space 150016K, 0% used [0x00000000f5500000,0x00000000f5500000,0x00000000fe780000)
  from space 12288K, 34% used [0x00000000ff380000,0x00000000ff7a5560,0x00000000fff80000)
  to   space 12288K, 0% used [0x00000000fe780000,0x00000000fe780000,0x00000000ff380000)
 ParOldGen       total 56320K, used 26023K [0x00000000e0000000, 0x00000000e3700000, 0x00000000f5500000)
  object space 56320K, 46% used [0x00000000e0000000,0x00000000e1969f10,0x00000000e3700000)
 PSPermGen       total 93696K, used 46840K [0x00000000d0000000, 0x00000000d5b80000, 0x00000000e0000000)
  object space 93696K, 49% used [0x00000000d0000000,0x00000000d2dbe0e0,0x00000000d5b80000)
}
Event: 76.996 GC heap before
{Heap before GC invocations=16 (full 1):
 PSYoungGen      total 162304K, used 154261K [0x00000000f5500000, 0x0000000100000000, 0x0000000100000000)
  eden space 150016K, 100% used [0x00000000f5500000,0x00000000fe780000,0x00000000fe780000)
  from space 12288K, 34% used [0x00000000ff380000,0x00000000ff7a5560,0x00000000fff80000)
  to   space 12288K, 0% used [0x00000000fe780000,0x00000000fe780000,0x00000000ff380000)
 ParOldGen       total 56320K, used 26023K [0x00000000e0000000, 0x00000000e3700000, 0x00000000f5500000)
  object space 56320K, 46% used [0x00000000e0000000,0x00000000e1969f10,0x00000000e3700000)
 PSPermGen       total 93696K, used 54202K [0x00000000d0000000, 0x00000000d5b80000, 0x00000000e0000000)
  object space 93696K, 57% used [0x00000000d0000000,0x00000000d34ee928,0x00000000d5b80000)
Event: 77.150 GC heap after
Heap after GC invocations=16 (full 1):
 PSYoungGen      total 162304K, used 12281K [0x00000000f5500000, 0x0000000100000000, 0x0000000100000000)
  eden space 150016K, 0% used [0x00000000f5500000,0x00000000f5500000,0x00000000fe780000)
  from space 12288K, 99% used [0x00000000fe780000,0x00000000ff37e570,0x00000000ff380000)
  to   space 12800K, 0% used [0x00000000ff380000,0x00000000ff380000,0x0000000100000000)
 ParOldGen       total 63488K, used 63332K [0x00000000e0000000, 0x00000000e3e00000, 0x00000000f5500000)
  object space 63488K, 99% used [0x00000000e0000000,0x00000000e3dd9278,0x00000000e3e00000)
 PSPermGen       total 93696K, used 54202K [0x00000000d0000000, 0x00000000d5b80000, 0x00000000e0000000)
  object space 93696K, 57% used [0x00000000d0000000,0x00000000d34ee928,0x00000000d5b80000)
}
Event: 77.150 GC heap before
{Heap before GC invocations=17 (full 2):
 PSYoungGen      total 162304K, used 12281K [0x00000000f5500000, 0x0000000100000000, 0x0000000100000000)
  eden space 150016K, 0% used [0x00000000f5500000,0x00000000f5500000,0x00000000fe780000)
  from space 12288K, 99% used [0x00000000fe780000,0x00000000ff37e570,0x00000000ff380000)
  to   space 12800K, 0% used [0x00000000ff380000,0x00000000ff380000,0x0000000100000000)
 ParOldGen       total 63488K, used 63332K [0x00000000e0000000, 0x00000000e3e00000, 0x00000000f5500000)
  object space 63488K, 99% used [0x00000000e0000000,0x00000000e3dd9278,0x00000000e3e00000)
 PSPermGen       total 93696K, used 54202K [0x00000000d0000000, 0x00000000d5b80000, 0x00000000e0000000)
  object space 93696K, 57% used [0x00000000d0000000,0x00000000d34ee928,0x00000000d5b80000)
Event: 79.382 GC heap after
Heap after GC invocations=17 (full 2):
 PSYoungGen      total 162304K, used 9688K [0x00000000f5500000, 0x0000000100000000, 0x0000000100000000)
  eden space 150016K, 0% used [0x00000000f5500000,0x00000000f5500000,0x00000000fe780000)
  from space 12288K, 78% used [0x00000000fe780000,0x00000000ff0f6300,0x00000000ff380000)
  to   space 12800K, 0% used [0x00000000ff380000,0x00000000ff380000,0x0000000100000000)
 ParOldGen       total 125952K, used 63275K [0x00000000e0000000, 0x00000000e7b00000, 0x00000000f5500000)
  object space 125952K, 50% used [0x00000000e0000000,0x00000000e3dcae50,0x00000000e7b00000)
 PSPermGen       total 111104K, used 54145K [0x00000000d0000000, 0x00000000d6c80000, 0x00000000e0000000)
  object space 111104K, 48% used [0x00000000d0000000,0x00000000d34e06d8,0x00000000d6c80000)
}
Event: 86.903 GC heap before
{Heap before GC invocations=18 (full 2):
 PSYoungGen      total 162304K, used 159704K [0x00000000f5500000, 0x0000000100000000, 0x0000000100000000)
  eden space 150016K, 100% used [0x00000000f5500000,0x00000000fe780000,0x00000000fe780000)
  from space 12288K, 78% used [0x00000000fe780000,0x00000000ff0f6300,0x00000000ff380000)
  to   space 12800K, 0% used [0x00000000ff380000,0x00000000ff380000,0x0000000100000000)
 ParOldGen       total 125952K, used 63275K [0x00000000e0000000, 0x00000000e7b00000, 0x00000000f5500000)
  object space 125952K, 50% used [0x00000000e0000000,0x00000000e3dcae50,0x00000000e7b00000)
 PSPermGen       total 111104K, used 58083K [0x00000000d0000000, 0x00000000d6c80000, 0x00000000e0000000)
  object space 111104K, 52% used [0x00000000d0000000,0x00000000d38b8dd0,0x00000000d6c80000)
Event: 87.027 GC heap after
Heap after GC invocations=18 (full 2):
 PSYoungGen      total 121344K, used 12796K [0x00000000f5500000, 0x0000000100000000, 0x0000000100000000)
  eden space 108544K, 0% used [0x00000000f5500000,0x00000000f5500000,0x00000000fbf00000)
  from space 12800K, 99% used [0x00000000ff380000,0x00000000fffff3d8,0x0000000100000000)
  to   space 33280K, 0% used [0x00000000fbf00000,0x00000000fbf00000,0x00000000fdf80000)
 ParOldGen       total 125952K, used 81171K [0x00000000e0000000, 0x00000000e7b00000, 0x00000000f5500000)
  object space 125952K, 64% used [0x00000000e0000000,0x00000000e4f44cb0,0x00000000e7b00000)
 PSPermGen       total 111104K, used 58083K [0x00000000d0000000, 0x00000000d6c80000, 0x00000000e0000000)
  object space 111104K, 52% used [0x00000000d0000000,0x00000000d38b8dd0,0x00000000d6c80000)
}
Event: 87.856 GC heap before
{Heap before GC invocations=19 (full 2):
 PSYoungGen      total 121344K, used 121340K [0x00000000f5500000, 0x0000000100000000, 0x0000000100000000)
  eden space 108544K, 100% used [0x00000000f5500000,0x00000000fbf00000,0x00000000fbf00000)
  from space 12800K, 99% used [0x00000000ff380000,0x00000000fffff3d8,0x0000000100000000)
  to   space 33280K, 0% used [0x00000000fbf00000,0x00000000fbf00000,0x00000000fdf80000)
 ParOldGen       total 125952K, used 81171K [0x00000000e0000000, 0x00000000e7b00000, 0x00000000f5500000)
  object space 125952K, 64% used [0x00000000e0000000,0x00000000e4f44cb0,0x00000000e7b00000)
 PSPermGen       total 111104K, used 58175K [0x00000000d0000000, 0x00000000d6c80000, 0x00000000e0000000)
  object space 111104K, 52% used [0x00000000d0000000,0x00000000d38cfed8,0x00000000d6c80000)
Event: 87.918 GC heap after
Heap after GC invocations=19 (full 2):
 PSYoungGen      total 141824K, used 2528K [0x00000000f5500000, 0x0000000100000000, 0x0000000100000000)
  eden space 108544K, 0% used [0x00000000f5500000,0x00000000f5500000,0x00000000fbf00000)
  from space 33280K, 7% used [0x00000000fbf00000,0x00000000fc178000,0x00000000fdf80000)
  to   space 33280K, 0% used [0x00000000fdf80000,0x00000000fdf80000,0x0000000100000000)
 ParOldGen       total 125952K, used 93826K [0x00000000e0000000, 0x00000000e7b00000, 0x00000000f5500000)
  object space 125952K, 74% used [0x00000000e0000000,0x00000000e5ba0908,0x00000000e7b00000)
 PSPermGen       total 111104K, used 58175K [0x00000000d0000000, 0x00000000d6c80000, 0x00000000e0000000)
  object space 111104K, 52% used [0x00000000d0000000,0x00000000d38cfed8,0x00000000d6c80000)
}

